2025-07-04 13:39:46,000 - INFO - Iniciando processo de transferência completa
2025-07-04 13:39:46,135 - INFO - Conexão source estabelecida com sucesso
2025-07-04 13:39:47,595 - INFO - Conexão target estabelecida com sucesso
2025-07-04 13:39:47,596 - INFO - Obtendo metadados das tabelas...
2025-07-04 13:39:48,940 - INFO - Obtendo chaves existentes no destino...
2025-07-04 13:39:52,027 - INFO - Identificando novos registros na origem...
2025-07-04 13:40:27,360 - INFO - Exemplo de registro a ser inserido:
{'Instalação': '0412863612', 'Nota': '1583064816', 'Data da nota': Timestamp('2025-07-02 00:00:00'), 'Texto das medidas': 'Religar/Rest. no Borne', 'Descrição': 'Religação Técnica', 'Texto breve para o code': 'Religação Normal', 'Tipo de nota': 'BR', 'Tipo de nota.1': 'Religação Técnica', 'Status do Usuário': 'EXEC', 'Fim da avaria': Timestamp('2025-07-02 00:00:00'), 'Texto do item': None, 'Criado por': 'AGV_PO_OUT', 'Nº referência': None, 'Código do dano': 'ORSD', 'Logradouro': 'R MANE GARRINCHA', 'Hora da nota': '14:36:11', 'Número da solicitação': None, 'Início desejado': Timestamp('2025-07-02 00:00:00'), 'Hora de início desejada': '14:36:11', 'Conclusão desejada': Timestamp('2025-07-03 00:00:00'), 'Hora final desejada': '14:36:11', 'Encerram.por data': Timestamp('2025-07-02 00:00:00'), 'Hora de encerramento': '00:00:00', 'Cliente': '23571552', 'Local de instalação': '1000825179', 'Grupo de codes': None, 'Code codificação': None, 'Conjunto contratos': '07L776', 'Data de Inclusão do Registro': None, 'Desc. Cód. Codif.': None, 'Unidade de leitura': '07L77618', 'Objeto de ligação': '1000825179', 'Nome': 'ELIANA DO', 'Sobrenome': 'CARMO', 'Nome 1': None, 'Nível de tensão': '01', 'Tipo de instalação': 'B', 'Categoria de tarifa': 'B1', 'ramo de Ativid': 'X001', 'Classe / SubClasse': '1002', 'Área operacional': 'PI', 'Localização': 'L776', 'Código ABC': 'U', 'Abreviatura de rua': None, 'Nº': '200', 'Sigla edifício': None, 'Suplemento': None, 'Sub-bairro': 'DIVINEIA', 'Município': 'VOLTA REDONDA', 'Região': 'RJ', 'TOI': None, 'Número Predial Próximo': None, 'Medidor Próximo': None, 'Tipo de Ligação': None, 'Proteção': '0', 'Observação para Atendimento Primário': None, 'Número do CONCOD': '17586763', 'GrpCódigos': 'SVC-GER', 'Tipo de medição': '0', 'Proced.adver.': 'UB', 'Referências': None, 'Empresa Executora': 'CENEGED COMPANHIA ELETROMECANI', 'Equipamento Removido': None, 'Equipamento Instalado': None, 'Nº de série': '4547921', 'GrpCódigos.1': 'ZBR-SVC', 'Código de medidas': '17.5'}
2025-07-04 13:40:27,361 - INFO - Iniciando transferência de 19236 registros...
2025-07-04 13:41:38,429 - INFO - Inseridos 500 registros no lote
2025-07-04 13:42:56,847 - INFO - Inseridos 500 registros no lote
2025-07-04 13:44:14,392 - INFO - Inseridos 500 registros no lote
2025-07-04 13:45:32,272 - INFO - Inseridos 500 registros no lote
2025-07-04 13:46:50,574 - INFO - Inseridos 500 registros no lote
2025-07-04 13:48:08,613 - INFO - Inseridos 500 registros no lote
2025-07-04 13:49:19,545 - INFO - Inseridos 500 registros no lote
2025-07-04 13:50:30,533 - INFO - Inseridos 500 registros no lote
2025-07-04 13:51:40,564 - INFO - Inseridos 500 registros no lote
2025-07-04 13:52:51,381 - INFO - Inseridos 500 registros no lote
2025-07-04 13:54:01,735 - INFO - Inseridos 500 registros no lote
2025-07-04 13:55:14,080 - INFO - Inseridos 500 registros no lote
2025-07-04 13:56:35,266 - INFO - Inseridos 500 registros no lote
2025-07-04 13:57:46,957 - INFO - Inseridos 500 registros no lote
2025-07-04 13:59:03,882 - INFO - Inseridos 500 registros no lote
2025-07-04 14:00:14,617 - INFO - Inseridos 500 registros no lote
2025-07-04 14:01:29,962 - INFO - Inseridos 500 registros no lote
2025-07-04 14:02:50,685 - INFO - Inseridos 500 registros no lote
2025-07-04 14:03:59,997 - INFO - Inseridos 500 registros no lote
2025-07-04 14:05:09,249 - INFO - Inseridos 500 registros no lote
2025-07-04 14:06:18,929 - INFO - Inseridos 500 registros no lote
2025-07-04 14:07:32,497 - INFO - Inseridos 500 registros no lote
2025-07-04 14:08:42,719 - INFO - Inseridos 500 registros no lote
2025-07-04 14:09:53,383 - INFO - Inseridos 500 registros no lote
2025-07-04 14:11:08,081 - INFO - Inseridos 500 registros no lote
2025-07-04 14:12:17,090 - INFO - Inseridos 500 registros no lote
2025-07-04 14:13:37,866 - INFO - Inseridos 500 registros no lote
2025-07-04 14:14:47,467 - INFO - Inseridos 500 registros no lote
2025-07-04 14:15:56,821 - INFO - Inseridos 500 registros no lote
2025-07-04 14:17:07,783 - INFO - Inseridos 500 registros no lote
2025-07-04 14:18:23,117 - INFO - Inseridos 500 registros no lote
2025-07-04 14:19:42,983 - INFO - Inseridos 500 registros no lote
2025-07-04 14:21:31,637 - INFO - Inseridos 500 registros no lote
2025-07-04 14:22:41,906 - INFO - Inseridos 500 registros no lote
2025-07-04 14:23:51,445 - INFO - Inseridos 500 registros no lote
2025-07-04 14:25:01,234 - INFO - Inseridos 500 registros no lote
2025-07-04 14:26:11,374 - INFO - Inseridos 500 registros no lote
2025-07-04 14:27:20,775 - INFO - Inseridos 500 registros no lote
2025-07-04 14:27:54,404 - INFO - Inseridos 236 registros no lote
2025-07-04 14:27:54,778 - INFO - 
            RESUMO FINAL:
            - Tempo total: 0:48:08.775981
            - Registros na origem: 163764
            - Registros existentes no destino: 144528
            - Novos registros identificados: 19236
            - Registros inseridos com sucesso: 19236
            - Total no destino após transferência: 163764
            
2025-07-04 14:27:55,046 - INFO - Conexão target fechada
2025-07-04 14:27:55,049 - INFO - Conexão source fechada
